This file contains any messages produced by compilers while
running configure, to aid debugging if configure makes a mistake.

It was created by memcached configure 1.2.8, which was
generated by GNU Autoconf 2.61.  Invocation command line was

  $ ./configure --prefix=/usr/local/memcached --enable-replication --with-libevent=/usr

## --------- ##
## Platform. ##
## --------- ##

hostname = mkey
uname -m = x86_64
uname -r = 2.6.27.7-9-default
uname -s = Linux
uname -v = #1 SMP 2008-12-04 18:10:04 +0100

/usr/bin/uname -p = unknown
/bin/uname -X     = unknown

/bin/arch              = x86_64
/usr/bin/arch -k       = unknown
/usr/convex/getsysinfo = unknown
/usr/bin/hostinfo      = unknown
/bin/machine           = unknown
/usr/bin/oslevel       = unknown
/bin/universe          = unknown

PATH: /sbin
PATH: /usr/sbin
PATH: /usr/local/sbin
PATH: /root/bin
PATH: /usr/local/bin
PATH: /usr/bin
PATH: /bin
PATH: /usr/bin/X11
PATH: /usr/X11R6/bin
PATH: /usr/games
PATH: /opt/kde3/bin
PATH: /usr/lib/mit/bin
PATH: /usr/lib/mit/sbin


## ----------- ##
## Core tests. ##
## ----------- ##

configure:1797: checking build system type
configure:1815: result: x86_64-unknown-linux-gnu
configure:1837: checking host system type
configure:1852: result: x86_64-unknown-linux-gnu
configure:1874: checking target system type
configure:1889: result: x86_64-unknown-linux-gnu
configure:1933: checking for a BSD-compatible install
configure:1989: result: /usr/bin/install -c
configure:2000: checking whether build environment is sane
configure:2043: result: yes
configure:2071: checking for a thread-safe mkdir -p
configure:2110: result: /bin/mkdir -p
configure:2123: checking for gawk
configure:2139: found /usr/bin/gawk
configure:2150: result: gawk
configure:2161: checking whether make sets $(MAKE)
configure:2182: result: yes
configure:2421: checking for gcc
configure:2437: found /usr/bin/gcc
configure:2448: result: gcc
configure:2686: checking for C compiler version
configure:2693: gcc --version >&5
gcc (SUSE Linux) 4.3.2 [gcc-4_3-branch revision 141291]
Copyright (C) 2008 Free Software Foundation, Inc.
This is free software; see the source for copying conditions.  There is NO
warranty; not even for MERCHANTABILITY or FITNESS FOR A PARTICULAR PURPOSE.

configure:2696: $? = 0
configure:2703: gcc -v >&5
Using built-in specs.
Target: x86_64-suse-linux
Configured with: ../configure --prefix=/usr --infodir=/usr/share/info --mandir=/usr/share/man --libdir=/usr/lib64 --libexecdir=/usr/lib64 --enable-languages=c,c++,objc,fortran,obj-c++,java,ada --enable-checking=release --with-gxx-include-dir=/usr/include/c++/4.3 --enable-ssp --disable-libssp --with-bugurl=http://bugs.opensuse.org/ --with-pkgversion='SUSE Linux' --disable-libgcj --disable-libmudflap --with-slibdir=/lib64 --with-system-zlib --enable-__cxa_atexit --enable-libstdcxx-allocator=new --disable-libstdcxx-pch --enable-version-specific-runtime-libs --program-suffix=-4.3 --enable-linux-futex --without-system-libunwind --with-cpu=generic --build=x86_64-suse-linux
Thread model: posix
gcc version 4.3.2 [gcc-4_3-branch revision 141291] (SUSE Linux) 
configure:2706: $? = 0
configure:2713: gcc -V >&5
gcc: '-V' option must have argument
configure:2716: $? = 1
configure:2739: checking for C compiler default output file name
configure:2766: gcc    conftest.c  >&5
configure:2769: $? = 0
configure:2807: result: a.out
configure:2824: checking whether the C compiler works
configure:2834: ./a.out
configure:2837: $? = 0
configure:2854: result: yes
configure:2861: checking whether we are cross compiling
configure:2863: result: no
configure:2866: checking for suffix of executables
configure:2873: gcc -o conftest    conftest.c  >&5
configure:2876: $? = 0
configure:2900: result: 
configure:2906: checking for suffix of object files
configure:2932: gcc -c   conftest.c >&5
configure:2935: $? = 0
configure:2958: result: o
configure:2962: checking whether we are using the GNU C compiler
configure:2991: gcc -c   conftest.c >&5
configure:2997: $? = 0
configure:3014: result: yes
configure:3019: checking whether gcc accepts -g
configure:3049: gcc -c -g  conftest.c >&5
configure:3055: $? = 0
configure:3154: result: yes
configure:3171: checking for gcc option to accept ISO C89
configure:3245: gcc  -c -g -O2  conftest.c >&5
configure:3251: $? = 0
configure:3274: result: none needed
configure:3303: checking for style of include used by make
configure:3331: result: GNU
configure:3356: checking dependency style of gcc
configure:3447: result: gcc3
configure:3463: checking whether gcc and cc understand -c and -o together
configure:3498: gcc -c conftest.c -o conftest2.o >&5
configure:3501: $? = 0
configure:3507: gcc -c conftest.c -o conftest2.o >&5
configure:3510: $? = 0
configure:3521: cc -c conftest.c >&5
configure:3524: $? = 0
configure:3532: cc -c conftest.c -o conftest2.o >&5
configure:3535: $? = 0
configure:3541: cc -c conftest.c -o conftest2.o >&5
configure:3544: $? = 0
configure:3562: result: yes
configure:3601: checking for a BSD-compatible install
configure:3657: result: /usr/bin/install -c
configure:3833: checking for libevent directory
configure:3887: gcc -o conftest -g -O2 -I/usr/include  -L/usr/lib  conftest.c  -levent >&5
configure:3893: $? = 0
configure:3935: result: /usr
configure:3954: checking for library containing socket
configure:3995: gcc -o conftest -g -O2 -I/usr/include  -L/usr/lib  conftest.c  -levent >&5
configure:4001: $? = 0
configure:4029: result: none required
configure:4037: checking for library containing gethostbyname
configure:4078: gcc -o conftest -g -O2 -I/usr/include  -L/usr/lib  conftest.c  -levent >&5
configure:4084: $? = 0
configure:4112: result: none required
configure:4120: checking for library containing mallinfo
configure:4161: gcc -o conftest -g -O2 -I/usr/include  -L/usr/lib  conftest.c  -levent >&5
configure:4167: $? = 0
configure:4195: result: none required
configure:4204: checking for daemon
configure:4260: gcc -o conftest -g -O2 -I/usr/include  -L/usr/lib  conftest.c  -levent >&5
configure:4266: $? = 0
configure:4283: result: yes
configure:4302: checking how to run the C preprocessor
configure:4342: gcc -E -I/usr/include  conftest.c
configure:4348: $? = 0
configure:4379: gcc -E -I/usr/include  conftest.c
conftest.c:12:28: error: ac_nonexistent.h: No such file or directory
configure:4385: $? = 1
configure: failed program was:
| /* confdefs.h.  */
| #define PACKAGE_NAME "memcached"
| #define PACKAGE_TARNAME "memcached"
| #define PACKAGE_VERSION "1.2.8"
| #define PACKAGE_STRING "memcached 1.2.8"
| #define PACKAGE_BUGREPORT "brad@danga.com"
| #define PACKAGE "memcached"
| #define VERSION "1.2.8"
| #define ENABLE_DTRACE 0
| #define HAVE_DAEMON
| /* end confdefs.h.  */
| #include <ac_nonexistent.h>
configure:4418: result: gcc -E
configure:4447: gcc -E -I/usr/include  conftest.c
configure:4453: $? = 0
configure:4484: gcc -E -I/usr/include  conftest.c
conftest.c:12:28: error: ac_nonexistent.h: No such file or directory
configure:4490: $? = 1
configure: failed program was:
| /* confdefs.h.  */
| #define PACKAGE_NAME "memcached"
| #define PACKAGE_TARNAME "memcached"
| #define PACKAGE_VERSION "1.2.8"
| #define PACKAGE_STRING "memcached 1.2.8"
| #define PACKAGE_BUGREPORT "brad@danga.com"
| #define PACKAGE "memcached"
| #define VERSION "1.2.8"
| #define ENABLE_DTRACE 0
| #define HAVE_DAEMON
| /* end confdefs.h.  */
| #include <ac_nonexistent.h>
configure:4528: checking for grep that handles long lines and -e
configure:4602: result: /usr/bin/grep
configure:4607: checking for egrep
configure:4685: result: /usr/bin/grep -E
configure:4690: checking for ANSI C header files
configure:4720: gcc -c -g -O2 -I/usr/include  conftest.c >&5
configure:4726: $? = 0
configure:4825: gcc -o conftest -g -O2 -I/usr/include  -L/usr/lib  conftest.c  -levent >&5
configure:4828: $? = 0
configure:4834: ./conftest
configure:4837: $? = 0
configure:4854: result: yes
configure:4878: checking for sys/types.h
configure:4899: gcc -c -g -O2 -I/usr/include  conftest.c >&5
configure:4905: $? = 0
configure:4921: result: yes
configure:4878: checking for sys/stat.h
configure:4899: gcc -c -g -O2 -I/usr/include  conftest.c >&5
configure:4905: $? = 0
configure:4921: result: yes
configure:4878: checking for stdlib.h
configure:4899: gcc -c -g -O2 -I/usr/include  conftest.c >&5
configure:4905: $? = 0
configure:4921: result: yes
configure:4878: checking for string.h
configure:4899: gcc -c -g -O2 -I/usr/include  conftest.c >&5
configure:4905: $? = 0
configure:4921: result: yes
configure:4878: checking for memory.h
configure:4899: gcc -c -g -O2 -I/usr/include  conftest.c >&5
configure:4905: $? = 0
configure:4921: result: yes
configure:4878: checking for strings.h
configure:4899: gcc -c -g -O2 -I/usr/include  conftest.c >&5
configure:4905: $? = 0
configure:4921: result: yes
configure:4878: checking for inttypes.h
configure:4899: gcc -c -g -O2 -I/usr/include  conftest.c >&5
configure:4905: $? = 0
configure:4921: result: yes
configure:4878: checking for stdint.h
configure:4899: gcc -c -g -O2 -I/usr/include  conftest.c >&5
configure:4905: $? = 0
configure:4921: result: yes
configure:4878: checking for unistd.h
configure:4899: gcc -c -g -O2 -I/usr/include  conftest.c >&5
configure:4905: $? = 0
configure:4921: result: yes
configure:4933: checking for stdbool.h that conforms to C99
configure:5026: gcc -c -g -O2 -I/usr/include  conftest.c >&5
configure:5032: $? = 0
configure:5047: result: yes
configure:5049: checking for _Bool
configure:5079: gcc -c -g -O2 -I/usr/include  conftest.c >&5
configure:5085: $? = 0
configure:5100: result: yes
configure:5119: checking for an ANSI C-conforming const
configure:5194: gcc -c -g -O2 -I/usr/include  conftest.c >&5
configure:5200: $? = 0
configure:5215: result: yes
configure:5235: checking malloc.h usability
configure:5252: gcc -c -g -O2 -I/usr/include  conftest.c >&5
configure:5258: $? = 0
configure:5272: result: yes
configure:5276: checking malloc.h presence
configure:5291: gcc -E -I/usr/include  conftest.c
configure:5297: $? = 0
configure:5311: result: yes
configure:5344: checking for malloc.h
configure:5351: result: yes
configure:5364: checking for struct mallinfo.arena
configure:5396: gcc -c -g -O2 -I/usr/include  conftest.c >&5
configure:5402: $? = 0
configure:5463: result: yes
configure:5478: checking for socklen_t
configure:5510: gcc -c -g -O2 -I/usr/include  conftest.c >&5
configure:5516: $? = 0
configure:5536: result: yes
configure:5549: checking for endianness
configure:5587: gcc -o conftest -g -O2 -I/usr/include  -L/usr/lib  conftest.c  -levent >&5
conftest.c: In function 'main':
conftest.c:32: warning: incompatible implicit declaration of built-in function 'exit'
configure:5590: $? = 0
configure:5596: ./conftest
configure:5599: $? = 1
configure: program exited with status 1
configure: failed program was:
| /* confdefs.h.  */
| #define PACKAGE_NAME "memcached"
| #define PACKAGE_TARNAME "memcached"
| #define PACKAGE_VERSION "1.2.8"
| #define PACKAGE_STRING "memcached 1.2.8"
| #define PACKAGE_BUGREPORT "brad@danga.com"
| #define PACKAGE "memcached"
| #define VERSION "1.2.8"
| #define ENABLE_DTRACE 0
| #define HAVE_DAEMON
| #define STDC_HEADERS 1
| #define HAVE_SYS_TYPES_H 1
| #define HAVE_SYS_STAT_H 1
| #define HAVE_STDLIB_H 1
| #define HAVE_STRING_H 1
| #define HAVE_MEMORY_H 1
| #define HAVE_STRINGS_H 1
| #define HAVE_INTTYPES_H 1
| #define HAVE_STDINT_H 1
| #define HAVE_UNISTD_H 1
| #define HAVE__BOOL 1
| #define HAVE_STDBOOL_H 1
| #define HAVE_MALLOC_H
| #define HAVE_STRUCT_MALLINFO
| /* end confdefs.h.  */
| 
| int
| main ()
| {
|         long val = 1;
|         char *c = (char *) &val;
|         exit(*c == 1);
| 
|   ;
|   return 0;
| }
| 
configure:5620: result: little
configure:5831: checking for mlockall
configure:5887: gcc -o conftest -g -O2 -I/usr/include  -L/usr/lib  conftest.c  -levent >&5
configure:5893: $? = 0
configure:5911: result: yes
configure:5925: checking for getpagesizes
configure:5981: gcc -o conftest -g -O2 -I/usr/include  -L/usr/lib  conftest.c  -levent >&5
/tmp/ccADKDaB.o: In function `main':
/opt/repcached/memcached-1.2.8-repcached-2.2.1/conftest.c:63: undefined reference to `getpagesizes'
collect2: ld returned 1 exit status
configure:5987: $? = 1
configure: failed program was:
| /* confdefs.h.  */
| #define PACKAGE_NAME "memcached"
| #define PACKAGE_TARNAME "memcached"
| #define PACKAGE_VERSION "1.2.8"
| #define PACKAGE_STRING "memcached 1.2.8"
| #define PACKAGE_BUGREPORT "brad@danga.com"
| #define PACKAGE "memcached"
| #define VERSION "1.2.8"
| #define ENABLE_DTRACE 0
| #define HAVE_DAEMON
| #define STDC_HEADERS 1
| #define HAVE_SYS_TYPES_H 1
| #define HAVE_SYS_STAT_H 1
| #define HAVE_STDLIB_H 1
| #define HAVE_STRING_H 1
| #define HAVE_MEMORY_H 1
| #define HAVE_STRINGS_H 1
| #define HAVE_INTTYPES_H 1
| #define HAVE_STDINT_H 1
| #define HAVE_UNISTD_H 1
| #define HAVE__BOOL 1
| #define HAVE_STDBOOL_H 1
| #define HAVE_MALLOC_H
| #define HAVE_STRUCT_MALLINFO
| #define ENDIAN_LITTLE 1
| #define USE_REPLICATION
| #define HAVE_MLOCKALL 1
| /* end confdefs.h.  */
| /* Define getpagesizes to an innocuous variant, in case <limits.h> declares getpagesizes.
|    For example, HP-UX 11i <limits.h> declares gettimeofday.  */
| #define getpagesizes innocuous_getpagesizes
| 
| /* System header to define __stub macros and hopefully few prototypes,
|     which can conflict with char getpagesizes (); below.
|     Prefer <limits.h> to <assert.h> if __STDC__ is defined, since
|     <limits.h> exists even on freestanding compilers.  */
| 
| #ifdef __STDC__
| # include <limits.h>
| #else
| # include <assert.h>
| #endif
| 
| #undef getpagesizes
| 
| /* Override any GCC internal prototype to avoid an error.
|    Use char because int might match the return type of a GCC
|    builtin and then its argument prototype would still apply.  */
| #ifdef __cplusplus
| extern "C"
| #endif
| char getpagesizes ();
| /* The GNU C library defines this for functions which it implements
|     to always fail with ENOSYS.  Some functions are actually named
|     something starting with __ and the normal name is an alias.  */
| #if defined __stub_getpagesizes || defined __stub___getpagesizes
| choke me
| #endif
| 
| int
| main ()
| {
| return getpagesizes ();
|   ;
|   return 0;
| }
configure:6005: result: no
configure:6019: checking for memcntl
configure:6075: gcc -o conftest -g -O2 -I/usr/include  -L/usr/lib  conftest.c  -levent >&5
/tmp/ccGFcE6D.o: In function `main':
/opt/repcached/memcached-1.2.8-repcached-2.2.1/conftest.c:63: undefined reference to `memcntl'
collect2: ld returned 1 exit status
configure:6081: $? = 1
configure: failed program was:
| /* confdefs.h.  */
| #define PACKAGE_NAME "memcached"
| #define PACKAGE_TARNAME "memcached"
| #define PACKAGE_VERSION "1.2.8"
| #define PACKAGE_STRING "memcached 1.2.8"
| #define PACKAGE_BUGREPORT "brad@danga.com"
| #define PACKAGE "memcached"
| #define VERSION "1.2.8"
| #define ENABLE_DTRACE 0
| #define HAVE_DAEMON
| #define STDC_HEADERS 1
| #define HAVE_SYS_TYPES_H 1
| #define HAVE_SYS_STAT_H 1
| #define HAVE_STDLIB_H 1
| #define HAVE_STRING_H 1
| #define HAVE_MEMORY_H 1
| #define HAVE_STRINGS_H 1
| #define HAVE_INTTYPES_H 1
| #define HAVE_STDINT_H 1
| #define HAVE_UNISTD_H 1
| #define HAVE__BOOL 1
| #define HAVE_STDBOOL_H 1
| #define HAVE_MALLOC_H
| #define HAVE_STRUCT_MALLINFO
| #define ENDIAN_LITTLE 1
| #define USE_REPLICATION
| #define HAVE_MLOCKALL 1
| /* end confdefs.h.  */
| /* Define memcntl to an innocuous variant, in case <limits.h> declares memcntl.
|    For example, HP-UX 11i <limits.h> declares gettimeofday.  */
| #define memcntl innocuous_memcntl
| 
| /* System header to define __stub macros and hopefully few prototypes,
|     which can conflict with char memcntl (); below.
|     Prefer <limits.h> to <assert.h> if __STDC__ is defined, since
|     <limits.h> exists even on freestanding compilers.  */
| 
| #ifdef __STDC__
| # include <limits.h>
| #else
| # include <assert.h>
| #endif
| 
| #undef memcntl
| 
| /* Override any GCC internal prototype to avoid an error.
|    Use char because int might match the return type of a GCC
|    builtin and then its argument prototype would still apply.  */
| #ifdef __cplusplus
| extern "C"
| #endif
| char memcntl ();
| /* The GNU C library defines this for functions which it implements
|     to always fail with ENOSYS.  Some functions are actually named
|     something starting with __ and the normal name is an alias.  */
| #if defined __stub_memcntl || defined __stub___memcntl
| choke me
| #endif
| 
| int
| main ()
| {
| return memcntl ();
|   ;
|   return 0;
| }
configure:6099: result: no
configure:6233: creating ./config.status

## ---------------------- ##
## Running config.status. ##
## ---------------------- ##

This file was extended by memcached config.status 1.2.8, which was
generated by GNU Autoconf 2.61.  Invocation command line was

  CONFIG_FILES    = 
  CONFIG_HEADERS  = 
  CONFIG_LINKS    = 
  CONFIG_COMMANDS = 
  $ ./config.status 

on mkey

config.status:658: creating Makefile
config.status:658: creating doc/Makefile
config.status:658: creating config.h
config.status:893: config.h is unchanged
config.status:940: executing depfiles commands

## ---------------- ##
## Cache variables. ##
## ---------------- ##

ac_cv_build=x86_64-unknown-linux-gnu
ac_cv_c_compiler_gnu=yes
ac_cv_c_const=yes
ac_cv_c_endian=little
ac_cv_c_socklen_t=yes
ac_cv_env_CC_set=
ac_cv_env_CC_value=
ac_cv_env_CFLAGS_set=
ac_cv_env_CFLAGS_value=
ac_cv_env_CPPFLAGS_set=
ac_cv_env_CPPFLAGS_value=
ac_cv_env_CPP_set=
ac_cv_env_CPP_value=
ac_cv_env_LDFLAGS_set=
ac_cv_env_LDFLAGS_value=
ac_cv_env_LIBS_set=
ac_cv_env_LIBS_value=
ac_cv_env_build_alias_set=
ac_cv_env_build_alias_value=
ac_cv_env_host_alias_set=
ac_cv_env_host_alias_value=
ac_cv_env_target_alias_set=
ac_cv_env_target_alias_value=
ac_cv_func_daemon=yes
ac_cv_func_getpagesizes=no
ac_cv_func_memcntl=no
ac_cv_func_mlockall=yes
ac_cv_header_inttypes_h=yes
ac_cv_header_malloc_h=yes
ac_cv_header_memory_h=yes
ac_cv_header_stdbool_h=yes
ac_cv_header_stdc=yes
ac_cv_header_stdint_h=yes
ac_cv_header_stdlib_h=yes
ac_cv_header_string_h=yes
ac_cv_header_strings_h=yes
ac_cv_header_sys_stat_h=yes
ac_cv_header_sys_types_h=yes
ac_cv_header_unistd_h=yes
ac_cv_host=x86_64-unknown-linux-gnu
ac_cv_libevent_dir=/usr
ac_cv_member_struct_mallinfo_arena=yes
ac_cv_objext=o
ac_cv_path_EGREP='/usr/bin/grep -E'
ac_cv_path_GREP=/usr/bin/grep
ac_cv_path_install='/usr/bin/install -c'
ac_cv_path_mkdir=/bin/mkdir
ac_cv_prog_AWK=gawk
ac_cv_prog_CPP='gcc -E'
ac_cv_prog_ac_ct_CC=gcc
ac_cv_prog_cc_c89=
ac_cv_prog_cc_g=yes
ac_cv_prog_cc_gcc_c_o=yes
ac_cv_prog_make_make_set=yes
ac_cv_search_gethostbyname='none required'
ac_cv_search_mallinfo='none required'
ac_cv_search_socket='none required'
ac_cv_target=x86_64-unknown-linux-gnu
ac_cv_type__Bool=yes
am_cv_CC_dependencies_compiler_type=gcc3

## ----------------- ##
## Output variables. ##
## ----------------- ##

ACLOCAL='${SHELL} /opt/repcached/memcached-1.2.8-repcached-2.2.1/missing --run aclocal-1.10'
AMDEPBACKSLASH='\'
AMDEP_FALSE='#'
AMDEP_TRUE=''
AMTAR='${SHELL} /opt/repcached/memcached-1.2.8-repcached-2.2.1/missing --run tar'
AUTOCONF='${SHELL} /opt/repcached/memcached-1.2.8-repcached-2.2.1/missing --run autoconf'
AUTOHEADER='${SHELL} /opt/repcached/memcached-1.2.8-repcached-2.2.1/missing --run autoheader'
AUTOMAKE='${SHELL} /opt/repcached/memcached-1.2.8-repcached-2.2.1/missing --run automake-1.10'
AWK='gawk'
CC='gcc'
CCDEPMODE='depmode=gcc3'
CFLAGS='-g -O2'
CPP='gcc -E'
CPPFLAGS='-I/usr/include '
CYGPATH_W='echo'
DAEMON_OBJ=''
DEFS='-DHAVE_CONFIG_H'
DEPDIR='.deps'
DTRACE=''
DTRACEFLAGS=''
DTRACE_DEBUG_OBJ=''
DTRACE_OBJ=''
ECHO_C=''
ECHO_N='-n'
ECHO_T=''
EGREP='/usr/bin/grep -E'
ENABLE_REPLICATION_FALSE='#'
ENABLE_REPLICATION_TRUE=''
EXEEXT=''
GREP='/usr/bin/grep'
INSTALL_DATA='${INSTALL} -m 644'
INSTALL_PROGRAM='${INSTALL}'
INSTALL_SCRIPT='${INSTALL}'
INSTALL_STRIP_PROGRAM='$(install_sh) -c -s'
LDFLAGS='-L/usr/lib '
LIBOBJS=''
LIBS=' -levent'
LTLIBOBJS=''
MAKEINFO='${SHELL} /opt/repcached/memcached-1.2.8-repcached-2.2.1/missing --run makeinfo'
OBJEXT='o'
PACKAGE='memcached'
PACKAGE_BUGREPORT='brad@danga.com'
PACKAGE_NAME='memcached'
PACKAGE_STRING='memcached 1.2.8'
PACKAGE_TARNAME='memcached'
PACKAGE_VERSION='1.2.8'
PATH_SEPARATOR=':'
SET_MAKE=''
SHELL='/bin/sh'
STRIP=''
VERSION='1.2.8'
ac_ct_CC='gcc'
am__fastdepCC_FALSE='#'
am__fastdepCC_TRUE=''
am__include='include'
am__isrc=''
am__leading_dot='.'
am__quote=''
am__tar='${AMTAR} chof - "$$tardir"'
am__untar='${AMTAR} xf -'
bindir='${exec_prefix}/bin'
build='x86_64-unknown-linux-gnu'
build_alias=''
build_cpu='x86_64'
build_os='linux-gnu'
build_vendor='unknown'
datadir='${datarootdir}'
datarootdir='${prefix}/share'
docdir='${datarootdir}/doc/${PACKAGE_TARNAME}'
dvidir='${docdir}'
exec_prefix='${prefix}'
host='x86_64-unknown-linux-gnu'
host_alias=''
host_cpu='x86_64'
host_os='linux-gnu'
host_vendor='unknown'
htmldir='${docdir}'
includedir='${prefix}/include'
infodir='${datarootdir}/info'
install_sh='$(SHELL) /opt/repcached/memcached-1.2.8-repcached-2.2.1/install-sh'
libdir='${exec_prefix}/lib'
libexecdir='${exec_prefix}/libexec'
localedir='${datarootdir}/locale'
localstatedir='${prefix}/var'
mandir='${datarootdir}/man'
mkdir_p='/bin/mkdir -p'
oldincludedir='/usr/include'
pdfdir='${docdir}'
prefix='/usr/local/memcached'
program_transform_name='s,x,x,'
psdir='${docdir}'
sbindir='${exec_prefix}/sbin'
sharedstatedir='${prefix}/com'
sysconfdir='${prefix}/etc'
target='x86_64-unknown-linux-gnu'
target_alias=''
target_cpu='x86_64'
target_os='linux-gnu'
target_vendor='unknown'

## ----------- ##
## confdefs.h. ##
## ----------- ##

#define PACKAGE_NAME "memcached"
#define PACKAGE_TARNAME "memcached"
#define PACKAGE_VERSION "1.2.8"
#define PACKAGE_STRING "memcached 1.2.8"
#define PACKAGE_BUGREPORT "brad@danga.com"
#define PACKAGE "memcached"
#define VERSION "1.2.8"
#define ENABLE_DTRACE 0
#define HAVE_DAEMON
#define STDC_HEADERS 1
#define HAVE_SYS_TYPES_H 1
#define HAVE_SYS_STAT_H 1
#define HAVE_STDLIB_H 1
#define HAVE_STRING_H 1
#define HAVE_MEMORY_H 1
#define HAVE_STRINGS_H 1
#define HAVE_INTTYPES_H 1
#define HAVE_STDINT_H 1
#define HAVE_UNISTD_H 1
#define HAVE__BOOL 1
#define HAVE_STDBOOL_H 1
#define HAVE_MALLOC_H
#define HAVE_STRUCT_MALLINFO
#define ENDIAN_LITTLE 1
#define USE_REPLICATION
#define HAVE_MLOCKALL 1

configure: exit 0
