This file contains any messages produced by compilers while
running configure, to aid debugging if configure makes a mistake.

It was created by configure, which was
generated by GNU Autoconf 2.61.  Invocation command line was

  $ ./configure --prefix=/usr

## --------- ##
## Platform. ##
## --------- ##

hostname = mkey
uname -m = x86_64
uname -r = 2.6.27.7-9-default
uname -s = Linux
uname -v = #1 SMP 2008-12-04 18:10:04 +0100

/usr/bin/uname -p = unknown
/bin/uname -X     = unknown

/bin/arch              = x86_64
/usr/bin/arch -k       = unknown
/usr/convex/getsysinfo = unknown
/usr/bin/hostinfo      = unknown
/bin/machine           = unknown
/usr/bin/oslevel       = unknown
/bin/universe          = unknown

PATH: /sbin
PATH: /usr/sbin
PATH: /usr/local/sbin
PATH: /root/bin
PATH: /usr/local/bin
PATH: /usr/bin
PATH: /bin
PATH: /usr/bin/X11
PATH: /usr/X11R6/bin
PATH: /usr/games
PATH: /opt/kde3/bin
PATH: /usr/lib/mit/bin
PATH: /usr/lib/mit/sbin


## ----------- ##
## Core tests. ##
## ----------- ##

configure:1954: checking for a BSD-compatible install
configure:2010: result: /usr/bin/install -c
configure:2021: checking whether build environment is sane
configure:2064: result: yes
configure:2092: checking for a thread-safe mkdir -p
configure:2131: result: /bin/mkdir -p
configure:2144: checking for gawk
configure:2160: found /usr/bin/gawk
configure:2171: result: gawk
configure:2182: checking whether make sets $(MAKE)
configure:2203: result: yes
configure:2446: checking for gcc
configure:2462: found /usr/bin/gcc
configure:2473: result: gcc
configure:2711: checking for C compiler version
configure:2718: gcc --version >&5
gcc (SUSE Linux) 4.3.2 [gcc-4_3-branch revision 141291]
Copyright (C) 2008 Free Software Foundation, Inc.
This is free software; see the source for copying conditions.  There is NO
warranty; not even for MERCHANTABILITY or FITNESS FOR A PARTICULAR PURPOSE.

configure:2721: $? = 0
configure:2728: gcc -v >&5
Using built-in specs.
Target: x86_64-suse-linux
Configured with: ../configure --prefix=/usr --infodir=/usr/share/info --mandir=/usr/share/man --libdir=/usr/lib64 --libexecdir=/usr/lib64 --enable-languages=c,c++,objc,fortran,obj-c++,java,ada --enable-checking=release --with-gxx-include-dir=/usr/include/c++/4.3 --enable-ssp --disable-libssp --with-bugurl=http://bugs.opensuse.org/ --with-pkgversion='SUSE Linux' --disable-libgcj --disable-libmudflap --with-slibdir=/lib64 --with-system-zlib --enable-__cxa_atexit --enable-libstdcxx-allocator=new --disable-libstdcxx-pch --enable-version-specific-runtime-libs --program-suffix=-4.3 --enable-linux-futex --without-system-libunwind --with-cpu=generic --build=x86_64-suse-linux
Thread model: posix
gcc version 4.3.2 [gcc-4_3-branch revision 141291] (SUSE Linux) 
configure:2731: $? = 0
configure:2738: gcc -V >&5
gcc: '-V' option must have argument
configure:2741: $? = 1
configure:2764: checking for C compiler default output file name
configure:2791: gcc    conftest.c  >&5
configure:2794: $? = 0
configure:2832: result: a.out
configure:2849: checking whether the C compiler works
configure:2859: ./a.out
configure:2862: $? = 0
configure:2879: result: yes
configure:2886: checking whether we are cross compiling
configure:2888: result: no
configure:2891: checking for suffix of executables
configure:2898: gcc -o conftest    conftest.c  >&5
configure:2901: $? = 0
configure:2925: result: 
configure:2931: checking for suffix of object files
configure:2957: gcc -c   conftest.c >&5
configure:2960: $? = 0
configure:2983: result: o
configure:2987: checking whether we are using the GNU C compiler
configure:3016: gcc -c   conftest.c >&5
configure:3022: $? = 0
configure:3039: result: yes
configure:3044: checking whether gcc accepts -g
configure:3074: gcc -c -g  conftest.c >&5
configure:3080: $? = 0
configure:3179: result: yes
configure:3196: checking for gcc option to accept ISO C89
configure:3270: gcc  -c -g -O2  conftest.c >&5
configure:3276: $? = 0
configure:3299: result: none needed
configure:3328: checking for style of include used by make
configure:3356: result: GNU
configure:3381: checking dependency style of gcc
configure:3472: result: none
configure:3500: checking for a BSD-compatible install
configure:3556: result: /usr/bin/install -c
configure:3567: checking whether ln -s works
configure:3571: result: yes
configure:3585: checking how to run the C preprocessor
configure:3625: gcc -E  conftest.c
configure:3631: $? = 0
configure:3662: gcc -E  conftest.c
conftest.c:10:28: error: ac_nonexistent.h: No such file or directory
configure:3668: $? = 1
configure: failed program was:
| /* confdefs.h.  */
| #define PACKAGE_NAME ""
| #define PACKAGE_TARNAME ""
| #define PACKAGE_VERSION ""
| #define PACKAGE_STRING ""
| #define PACKAGE_BUGREPORT ""
| #define PACKAGE "libevent"
| #define VERSION "1.4.9-stable"
| /* end confdefs.h.  */
| #include <ac_nonexistent.h>
configure:3701: result: gcc -E
configure:3730: gcc -E  conftest.c
configure:3736: $? = 0
configure:3767: gcc -E  conftest.c
conftest.c:10:28: error: ac_nonexistent.h: No such file or directory
configure:3773: $? = 1
configure: failed program was:
| /* confdefs.h.  */
| #define PACKAGE_NAME ""
| #define PACKAGE_TARNAME ""
| #define PACKAGE_VERSION ""
| #define PACKAGE_STRING ""
| #define PACKAGE_BUGREPORT ""
| #define PACKAGE "libevent"
| #define VERSION "1.4.9-stable"
| /* end confdefs.h.  */
| #include <ac_nonexistent.h>
configure:3811: checking for grep that handles long lines and -e
configure:3885: result: /usr/bin/grep
configure:3890: checking for egrep
configure:3968: result: /usr/bin/grep -E
configure:3974: checking whether gcc needs -traditional
configure:4016: result: no
configure:4064: checking build system type
configure:4082: result: x86_64-unknown-linux-gnu
configure:4104: checking host system type
configure:4119: result: x86_64-unknown-linux-gnu
configure:4141: checking for a sed that does not truncate output
configure:4220: result: /usr/bin/sed
configure:4238: checking for fgrep
configure:4316: result: /usr/bin/grep -F
configure:4351: checking for ld used by gcc
configure:4418: result: /usr/x86_64-suse-linux/bin/ld
configure:4427: checking if the linker (/usr/x86_64-suse-linux/bin/ld) is GNU ld
configure:4442: result: yes
configure:4454: checking for BSD- or MS-compatible name lister (nm)
configure:4503: result: /usr/bin/nm -B
configure:4625: checking the name lister (/usr/bin/nm -B) interface
configure:4632: gcc -c -g -O2 -Wall  conftest.c >&5
configure:4635: /usr/bin/nm -B "conftest.o"
configure:4638: output
0000000000000000 B some_variable
configure:4645: result: BSD nm
configure:4649: checking the maximum length of command line arguments
configure:4769: result: 1572864
configure:4786: checking whether the shell understands some XSI constructs
configure:4796: result: yes
configure:4800: checking whether the shell understands "+="
configure:4806: result: yes
configure:4841: checking for /usr/x86_64-suse-linux/bin/ld option to reload object files
configure:4848: result: -r
configure:4875: checking how to recognize dependent libraries
configure:5065: result: pass_all
configure:5125: checking for ar
configure:5141: found /usr/bin/ar
configure:5152: result: ar
configure:5234: checking for strip
configure:5250: found /usr/bin/strip
configure:5261: result: strip
configure:5337: checking for ranlib
configure:5353: found /usr/bin/ranlib
configure:5364: result: ranlib
configure:5458: checking command to parse /usr/bin/nm -B output from gcc object
configure:5576: gcc -c -g -O2 -Wall  conftest.c >&5
configure:5579: $? = 0
configure:5583: /usr/bin/nm -B conftest.o \| sed -n -e 's/^.*[	 ]\([ABCDGIRSTW][ABCDGIRSTW]*\)[	 ][	 ]*\([_A-Za-z][_A-Za-z0-9]*\)$/\1 \2 \2/p' \> conftest.nm
configure:5586: $? = 0
configure:5640: gcc -o conftest -g -O2 -Wall   conftest.c conftstm.o >&5
configure:5643: $? = 0
configure:5681: result: ok
configure:5776: gcc -c -g -O2 -Wall  conftest.c >&5
configure:5779: $? = 0
configure:6554: checking for ANSI C header files
configure:6584: gcc -c -g -O2 -Wall  conftest.c >&5
configure:6590: $? = 0
configure:6689: gcc -o conftest -g -O2 -Wall   conftest.c  >&5
configure:6692: $? = 0
configure:6698: ./conftest
configure:6701: $? = 0
configure:6718: result: yes
configure:6742: checking for sys/types.h
configure:6763: gcc -c -g -O2 -Wall  conftest.c >&5
configure:6769: $? = 0
configure:6785: result: yes
configure:6742: checking for sys/stat.h
configure:6763: gcc -c -g -O2 -Wall  conftest.c >&5
configure:6769: $? = 0
configure:6785: result: yes
configure:6742: checking for stdlib.h
configure:6763: gcc -c -g -O2 -Wall  conftest.c >&5
configure:6769: $? = 0
configure:6785: result: yes
configure:6742: checking for string.h
configure:6763: gcc -c -g -O2 -Wall  conftest.c >&5
configure:6769: $? = 0
configure:6785: result: yes
configure:6742: checking for memory.h
configure:6763: gcc -c -g -O2 -Wall  conftest.c >&5
configure:6769: $? = 0
configure:6785: result: yes
configure:6742: checking for strings.h
configure:6763: gcc -c -g -O2 -Wall  conftest.c >&5
configure:6769: $? = 0
configure:6785: result: yes
configure:6742: checking for inttypes.h
configure:6763: gcc -c -g -O2 -Wall  conftest.c >&5
configure:6769: $? = 0
configure:6785: result: yes
configure:6742: checking for stdint.h
configure:6763: gcc -c -g -O2 -Wall  conftest.c >&5
configure:6769: $? = 0
configure:6785: result: yes
configure:6742: checking for unistd.h
configure:6763: gcc -c -g -O2 -Wall  conftest.c >&5
configure:6769: $? = 0
configure:6785: result: yes
configure:6801: checking for dlfcn.h
configure:6822: gcc -c -g -O2 -Wall  conftest.c >&5
configure:6828: $? = 0
configure:6844: result: yes
configure:7028: checking for objdir
configure:7043: result: .libs
configure:7335: checking if gcc supports -fno-rtti -fno-exceptions
configure:7353: gcc -c -g -O2 -Wall  -fno-rtti -fno-exceptions conftest.c >&5
cc1: warning: command line option "-fno-rtti" is valid for C++/ObjC++ but not for C
configure:7357: $? = 0
configure:7370: result: no
configure:7390: checking for gcc option to produce PIC
configure:7647: result: -fPIC -DPIC
configure:7659: checking if gcc PIC flag -fPIC -DPIC works
configure:7677: gcc -c -g -O2 -Wall  -fPIC -DPIC -DPIC conftest.c >&5
configure:7681: $? = 0
configure:7694: result: yes
configure:7718: checking if gcc static flag -static works
configure:7746: result: yes
configure:7761: checking if gcc supports -c -o file.o
configure:7782: gcc -c -g -O2 -Wall  -o out/conftest2.o conftest.c >&5
configure:7786: $? = 0
configure:7808: result: yes
configure:7816: checking if gcc supports -c -o file.o
configure:7863: result: yes
configure:7896: checking whether the gcc linker (/usr/x86_64-suse-linux/bin/ld -m elf_x86_64) supports shared libraries
configure:8951: result: yes
configure:8988: checking whether -lc should be explicitly linked in
configure:8993: gcc -c -g -O2 -Wall  conftest.c >&5
configure:8996: $? = 0
configure:9011: gcc -shared conftest.o  -v -Wl,-soname -Wl,conftest -o conftest 2\>\&1 \| /usr/bin/grep  -lc  \>/dev/null 2\>\&1
configure:9014: $? = 0
configure:9026: result: no
configure:9190: checking dynamic linker characteristics
configure:9633: gcc -o conftest -g -O2 -Wall   -Wl,-rpath -Wl,/foo conftest.c  >&5
configure:9639: $? = 0
configure:9881: result: GNU/Linux ld.so
configure:9983: checking how to hardcode library paths into programs
configure:10008: result: immediate
configure:10821: checking whether stripping libraries is possible
configure:10826: result: yes
configure:10861: checking if libtool supports shared libraries
configure:10863: result: yes
configure:10866: checking whether to build shared libraries
configure:10887: result: yes
configure:10890: checking whether to build static libraries
configure:10894: result: yes
configure:10933: checking for socket in -lsocket
configure:10968: gcc -o conftest -g -O2 -Wall   conftest.c -lsocket   >&5
/usr/lib64/gcc/x86_64-suse-linux/4.3/../../../../x86_64-suse-linux/bin/ld: cannot find -lsocket
collect2: ld returned 1 exit status
configure:10974: $? = 1
configure: failed program was:
| /* confdefs.h.  */
| #define PACKAGE_NAME ""
| #define PACKAGE_TARNAME ""
| #define PACKAGE_VERSION ""
| #define PACKAGE_STRING ""
| #define PACKAGE_BUGREPORT ""
| #define PACKAGE "libevent"
| #define VERSION "1.4.9-stable"
| #define STDC_HEADERS 1
| #define HAVE_SYS_TYPES_H 1
| #define HAVE_SYS_STAT_H 1
| #define HAVE_STDLIB_H 1
| #define HAVE_STRING_H 1
| #define HAVE_MEMORY_H 1
| #define HAVE_STRINGS_H 1
| #define HAVE_INTTYPES_H 1
| #define HAVE_STDINT_H 1
| #define HAVE_UNISTD_H 1
| #define HAVE_DLFCN_H 1
| #define LT_OBJDIR ".libs/"
| /* end confdefs.h.  */
| 
| /* Override any GCC internal prototype to avoid an error.
|    Use char because int might match the return type of a GCC
|    builtin and then its argument prototype would still apply.  */
| #ifdef __cplusplus
| extern "C"
| #endif
| char socket ();
| int
| main ()
| {
| return socket ();
|   ;
|   return 0;
| }
configure:10992: result: no
configure:11004: checking for inet_aton in -lresolv
configure:11039: gcc -o conftest -g -O2 -Wall   conftest.c -lresolv   >&5
configure:11045: $? = 0
configure:11063: result: yes
configure:11075: checking for clock_gettime in -lrt
configure:11110: gcc -o conftest -g -O2 -Wall   conftest.c -lrt  -lresolv  >&5
configure:11116: $? = 0
configure:11134: result: yes
configure:11146: checking for inet_ntoa in -lnsl
configure:11181: gcc -o conftest -g -O2 -Wall   conftest.c -lnsl  -lrt -lresolv  >&5
configure:11187: $? = 0
configure:11205: result: yes
configure:11217: checking for ANSI C header files
configure:11381: result: yes
configure:11423: checking fcntl.h usability
configure:11440: gcc -c -g -O2 -Wall  conftest.c >&5
configure:11446: $? = 0
configure:11460: result: yes
configure:11464: checking fcntl.h presence
configure:11479: gcc -E  conftest.c
configure:11485: $? = 0
configure:11499: result: yes
configure:11527: checking for fcntl.h
configure:11535: result: yes
configure:11423: checking stdarg.h usability
configure:11440: gcc -c -g -O2 -Wall  conftest.c >&5
configure:11446: $? = 0
configure:11460: result: yes
configure:11464: checking stdarg.h presence
configure:11479: gcc -E  conftest.c
configure:11485: $? = 0
configure:11499: result: yes
configure:11527: checking for stdarg.h
configure:11535: result: yes
configure:11413: checking for inttypes.h
configure:11419: result: yes
configure:11413: checking for stdint.h
configure:11419: result: yes
configure:11423: checking poll.h usability
configure:11440: gcc -c -g -O2 -Wall  conftest.c >&5
configure:11446: $? = 0
configure:11460: result: yes
configure:11464: checking poll.h presence
configure:11479: gcc -E  conftest.c
configure:11485: $? = 0
configure:11499: result: yes
configure:11527: checking for poll.h
configure:11535: result: yes
configure:11423: checking signal.h usability
configure:11440: gcc -c -g -O2 -Wall  conftest.c >&5
configure:11446: $? = 0
configure:11460: result: yes
configure:11464: checking signal.h presence
configure:11479: gcc -E  conftest.c
configure:11485: $? = 0
configure:11499: result: yes
configure:11527: checking for signal.h
configure:11535: result: yes
configure:11413: checking for unistd.h
configure:11419: result: yes
configure:11423: checking sys/epoll.h usability
configure:11440: gcc -c -g -O2 -Wall  conftest.c >&5
configure:11446: $? = 0
configure:11460: result: yes
configure:11464: checking sys/epoll.h presence
configure:11479: gcc -E  conftest.c
configure:11485: $? = 0
configure:11499: result: yes
configure:11527: checking for sys/epoll.h
configure:11535: result: yes
configure:11423: checking sys/time.h usability
configure:11440: gcc -c -g -O2 -Wall  conftest.c >&5
configure:11446: $? = 0
configure:11460: result: yes
configure:11464: checking sys/time.h presence
configure:11479: gcc -E  conftest.c
configure:11485: $? = 0
configure:11499: result: yes
configure:11527: checking for sys/time.h
configure:11535: result: yes
configure:11423: checking sys/queue.h usability
configure:11440: gcc -c -g -O2 -Wall  conftest.c >&5
configure:11446: $? = 0
configure:11460: result: yes
configure:11464: checking sys/queue.h presence
configure:11479: gcc -E  conftest.c
configure:11485: $? = 0
configure:11499: result: yes
configure:11527: checking for sys/queue.h
configure:11535: result: yes
configure:11423: checking sys/event.h usability
configure:11440: gcc -c -g -O2 -Wall  conftest.c >&5
conftest.c:69:23: error: sys/event.h: No such file or directory
configure:11446: $? = 1
configure: failed program was:
| /* confdefs.h.  */
| #define PACKAGE_NAME ""
| #define PACKAGE_TARNAME ""
| #define PACKAGE_VERSION ""
| #define PACKAGE_STRING ""
| #define PACKAGE_BUGREPORT ""
| #define PACKAGE "libevent"
| #define VERSION "1.4.9-stable"
| #define STDC_HEADERS 1
| #define HAVE_SYS_TYPES_H 1
| #define HAVE_SYS_STAT_H 1
| #define HAVE_STDLIB_H 1
| #define HAVE_STRING_H 1
| #define HAVE_MEMORY_H 1
| #define HAVE_STRINGS_H 1
| #define HAVE_INTTYPES_H 1
| #define HAVE_STDINT_H 1
| #define HAVE_UNISTD_H 1
| #define HAVE_DLFCN_H 1
| #define LT_OBJDIR ".libs/"
| #define HAVE_LIBRESOLV 1
| #define HAVE_LIBRT 1
| #define HAVE_LIBNSL 1
| #define STDC_HEADERS 1
| #define HAVE_FCNTL_H 1
| #define HAVE_STDARG_H 1
| #define HAVE_INTTYPES_H 1
| #define HAVE_STDINT_H 1
| #define HAVE_POLL_H 1
| #define HAVE_SIGNAL_H 1
| #define HAVE_UNISTD_H 1
| #define HAVE_SYS_EPOLL_H 1
| #define HAVE_SYS_TIME_H 1
| #define HAVE_SYS_QUEUE_H 1
| /* end confdefs.h.  */
| #include <stdio.h>
| #ifdef HAVE_SYS_TYPES_H
| # include <sys/types.h>
| #endif
| #ifdef HAVE_SYS_STAT_H
| # include <sys/stat.h>
| #endif
| #ifdef STDC_HEADERS
| # include <stdlib.h>
| # include <stddef.h>
| #else
| # ifdef HAVE_STDLIB_H
| #  include <stdlib.h>
| # endif
| #endif
| #ifdef HAVE_STRING_H
| # if !defined STDC_HEADERS && defined HAVE_MEMORY_H
| #  include <memory.h>
| # endif
| # include <string.h>
| #endif
| #ifdef HAVE_STRINGS_H
| # include <strings.h>
| #endif
| #ifdef HAVE_INTTYPES_H
| # include <inttypes.h>
| #endif
| #ifdef HAVE_STDINT_H
| # include <stdint.h>
| #endif
| #ifdef HAVE_UNISTD_H
| # include <unistd.h>
| #endif
| #include <sys/event.h>
configure:11460: result: no
configure:11464: checking sys/event.h presence
configure:11479: gcc -E  conftest.c
conftest.c:36:23: error: sys/event.h: No such file or directory
configure:11485: $? = 1
configure: failed program was:
| /* confdefs.h.  */
| #define PACKAGE_NAME ""
| #define PACKAGE_TARNAME ""
| #define PACKAGE_VERSION ""
| #define PACKAGE_STRING ""
| #define PACKAGE_BUGREPORT ""
| #define PACKAGE "libevent"
| #define VERSION "1.4.9-stable"
| #define STDC_HEADERS 1
| #define HAVE_SYS_TYPES_H 1
| #define HAVE_SYS_STAT_H 1
| #define HAVE_STDLIB_H 1
| #define HAVE_STRING_H 1
| #define HAVE_MEMORY_H 1
| #define HAVE_STRINGS_H 1
| #define HAVE_INTTYPES_H 1
| #define HAVE_STDINT_H 1
| #define HAVE_UNISTD_H 1
| #define HAVE_DLFCN_H 1
| #define LT_OBJDIR ".libs/"
| #define HAVE_LIBRESOLV 1
| #define HAVE_LIBRT 1
| #define HAVE_LIBNSL 1
| #define STDC_HEADERS 1
| #define HAVE_FCNTL_H 1
| #define HAVE_STDARG_H 1
| #define HAVE_INTTYPES_H 1
| #define HAVE_STDINT_H 1
| #define HAVE_POLL_H 1
| #define HAVE_SIGNAL_H 1
| #define HAVE_UNISTD_H 1
| #define HAVE_SYS_EPOLL_H 1
| #define HAVE_SYS_TIME_H 1
| #define HAVE_SYS_QUEUE_H 1
| /* end confdefs.h.  */
| #include <sys/event.h>
configure:11499: result: no
configure:11527: checking for sys/event.h
configure:11535: result: no
configure:11423: checking sys/param.h usability
configure:11440: gcc -c -g -O2 -Wall  conftest.c >&5
configure:11446: $? = 0
configure:11460: result: yes
configure:11464: checking sys/param.h presence
configure:11479: gcc -E  conftest.c
configure:11485: $? = 0
configure:11499: result: yes
configure:11527: checking for sys/param.h
configure:11535: result: yes
configure:11423: checking sys/ioctl.h usability
configure:11440: gcc -c -g -O2 -Wall  conftest.c >&5
configure:11446: $? = 0
configure:11460: result: yes
configure:11464: checking sys/ioctl.h presence
configure:11479: gcc -E  conftest.c
configure:11485: $? = 0
configure:11499: result: yes
configure:11527: checking for sys/ioctl.h
configure:11535: result: yes
configure:11423: checking sys/select.h usability
configure:11440: gcc -c -g -O2 -Wall  conftest.c >&5
configure:11446: $? = 0
configure:11460: result: yes
configure:11464: checking sys/select.h presence
configure:11479: gcc -E  conftest.c
configure:11485: $? = 0
configure:11499: result: yes
configure:11527: checking for sys/select.h
configure:11535: result: yes
configure:11423: checking sys/devpoll.h usability
configure:11440: gcc -c -g -O2 -Wall  conftest.c >&5
conftest.c:72:25: error: sys/devpoll.h: No such file or directory
configure:11446: $? = 1
configure: failed program was:
| /* confdefs.h.  */
| #define PACKAGE_NAME ""
| #define PACKAGE_TARNAME ""
| #define PACKAGE_VERSION ""
| #define PACKAGE_STRING ""
| #define PACKAGE_BUGREPORT ""
| #define PACKAGE "libevent"
| #define VERSION "1.4.9-stable"
| #define STDC_HEADERS 1
| #define HAVE_SYS_TYPES_H 1
| #define HAVE_SYS_STAT_H 1
| #define HAVE_STDLIB_H 1
| #define HAVE_STRING_H 1
| #define HAVE_MEMORY_H 1
| #define HAVE_STRINGS_H 1
| #define HAVE_INTTYPES_H 1
| #define HAVE_STDINT_H 1
| #define HAVE_UNISTD_H 1
| #define HAVE_DLFCN_H 1
| #define LT_OBJDIR ".libs/"
| #define HAVE_LIBRESOLV 1
| #define HAVE_LIBRT 1
| #define HAVE_LIBNSL 1
| #define STDC_HEADERS 1
| #define HAVE_FCNTL_H 1
| #define HAVE_STDARG_H 1
| #define HAVE_INTTYPES_H 1
| #define HAVE_STDINT_H 1
| #define HAVE_POLL_H 1
| #define HAVE_SIGNAL_H 1
| #define HAVE_UNISTD_H 1
| #define HAVE_SYS_EPOLL_H 1
| #define HAVE_SYS_TIME_H 1
| #define HAVE_SYS_QUEUE_H 1
| #define HAVE_SYS_PARAM_H 1
| #define HAVE_SYS_IOCTL_H 1
| #define HAVE_SYS_SELECT_H 1
| /* end confdefs.h.  */
| #include <stdio.h>
| #ifdef HAVE_SYS_TYPES_H
| # include <sys/types.h>
| #endif
| #ifdef HAVE_SYS_STAT_H
| # include <sys/stat.h>
| #endif
| #ifdef STDC_HEADERS
| # include <stdlib.h>
| # include <stddef.h>
| #else
| # ifdef HAVE_STDLIB_H
| #  include <stdlib.h>
| # endif
| #endif
| #ifdef HAVE_STRING_H
| # if !defined STDC_HEADERS && defined HAVE_MEMORY_H
| #  include <memory.h>
| # endif
| # include <string.h>
| #endif
| #ifdef HAVE_STRINGS_H
| # include <strings.h>
| #endif
| #ifdef HAVE_INTTYPES_H
| # include <inttypes.h>
| #endif
| #ifdef HAVE_STDINT_H
| # include <stdint.h>
| #endif
| #ifdef HAVE_UNISTD_H
| # include <unistd.h>
| #endif
| #include <sys/devpoll.h>
configure:11460: result: no
configure:11464: checking sys/devpoll.h presence
configure:11479: gcc -E  conftest.c
conftest.c:39:25: error: sys/devpoll.h: No such file or directory
configure:11485: $? = 1
configure: failed program was:
| /* confdefs.h.  */
| #define PACKAGE_NAME ""
| #define PACKAGE_TARNAME ""
| #define PACKAGE_VERSION ""
| #define PACKAGE_STRING ""
| #define PACKAGE_BUGREPORT ""
| #define PACKAGE "libevent"
| #define VERSION "1.4.9-stable"
| #define STDC_HEADERS 1
| #define HAVE_SYS_TYPES_H 1
| #define HAVE_SYS_STAT_H 1
| #define HAVE_STDLIB_H 1
| #define HAVE_STRING_H 1
| #define HAVE_MEMORY_H 1
| #define HAVE_STRINGS_H 1
| #define HAVE_INTTYPES_H 1
| #define HAVE_STDINT_H 1
| #define HAVE_UNISTD_H 1
| #define HAVE_DLFCN_H 1
| #define LT_OBJDIR ".libs/"
| #define HAVE_LIBRESOLV 1
| #define HAVE_LIBRT 1
| #define HAVE_LIBNSL 1
| #define STDC_HEADERS 1
| #define HAVE_FCNTL_H 1
| #define HAVE_STDARG_H 1
| #define HAVE_INTTYPES_H 1
| #define HAVE_STDINT_H 1
| #define HAVE_POLL_H 1
| #define HAVE_SIGNAL_H 1
| #define HAVE_UNISTD_H 1
| #define HAVE_SYS_EPOLL_H 1
| #define HAVE_SYS_TIME_H 1
| #define HAVE_SYS_QUEUE_H 1
| #define HAVE_SYS_PARAM_H 1
| #define HAVE_SYS_IOCTL_H 1
| #define HAVE_SYS_SELECT_H 1
| /* end confdefs.h.  */
| #include <sys/devpoll.h>
configure:11499: result: no
configure:11527: checking for sys/devpoll.h
configure:11535: result: no
configure:11423: checking port.h usability
configure:11440: gcc -c -g -O2 -Wall  conftest.c >&5
conftest.c:72:18: error: port.h: No such file or directory
configure:11446: $? = 1
configure: failed program was:
| /* confdefs.h.  */
| #define PACKAGE_NAME ""
| #define PACKAGE_TARNAME ""
| #define PACKAGE_VERSION ""
| #define PACKAGE_STRING ""
| #define PACKAGE_BUGREPORT ""
| #define PACKAGE "libevent"
| #define VERSION "1.4.9-stable"
| #define STDC_HEADERS 1
| #define HAVE_SYS_TYPES_H 1
| #define HAVE_SYS_STAT_H 1
| #define HAVE_STDLIB_H 1
| #define HAVE_STRING_H 1
| #define HAVE_MEMORY_H 1
| #define HAVE_STRINGS_H 1
| #define HAVE_INTTYPES_H 1
| #define HAVE_STDINT_H 1
| #define HAVE_UNISTD_H 1
| #define HAVE_DLFCN_H 1
| #define LT_OBJDIR ".libs/"
| #define HAVE_LIBRESOLV 1
| #define HAVE_LIBRT 1
| #define HAVE_LIBNSL 1
| #define STDC_HEADERS 1
| #define HAVE_FCNTL_H 1
| #define HAVE_STDARG_H 1
| #define HAVE_INTTYPES_H 1
| #define HAVE_STDINT_H 1
| #define HAVE_POLL_H 1
| #define HAVE_SIGNAL_H 1
| #define HAVE_UNISTD_H 1
| #define HAVE_SYS_EPOLL_H 1
| #define HAVE_SYS_TIME_H 1
| #define HAVE_SYS_QUEUE_H 1
| #define HAVE_SYS_PARAM_H 1
| #define HAVE_SYS_IOCTL_H 1
| #define HAVE_SYS_SELECT_H 1
| /* end confdefs.h.  */
| #include <stdio.h>
| #ifdef HAVE_SYS_TYPES_H
| # include <sys/types.h>
| #endif
| #ifdef HAVE_SYS_STAT_H
| # include <sys/stat.h>
| #endif
| #ifdef STDC_HEADERS
| # include <stdlib.h>
| # include <stddef.h>
| #else
| # ifdef HAVE_STDLIB_H
| #  include <stdlib.h>
| # endif
| #endif
| #ifdef HAVE_STRING_H
| # if !defined STDC_HEADERS && defined HAVE_MEMORY_H
| #  include <memory.h>
| # endif
| # include <string.h>
| #endif
| #ifdef HAVE_STRINGS_H
| # include <strings.h>
| #endif
| #ifdef HAVE_INTTYPES_H
| # include <inttypes.h>
| #endif
| #ifdef HAVE_STDINT_H
| # include <stdint.h>
| #endif
| #ifdef HAVE_UNISTD_H
| # include <unistd.h>
| #endif
| #include <port.h>
configure:11460: result: no
configure:11464: checking port.h presence
configure:11479: gcc -E  conftest.c
conftest.c:39:18: error: port.h: No such file or directory
configure:11485: $? = 1
configure: failed program was:
| /* confdefs.h.  */
| #define PACKAGE_NAME ""
| #define PACKAGE_TARNAME ""
| #define PACKAGE_VERSION ""
| #define PACKAGE_STRING ""
| #define PACKAGE_BUGREPORT ""
| #define PACKAGE "libevent"
| #define VERSION "1.4.9-stable"
| #define STDC_HEADERS 1
| #define HAVE_SYS_TYPES_H 1
| #define HAVE_SYS_STAT_H 1
| #define HAVE_STDLIB_H 1
| #define HAVE_STRING_H 1
| #define HAVE_MEMORY_H 1
| #define HAVE_STRINGS_H 1
| #define HAVE_INTTYPES_H 1
| #define HAVE_STDINT_H 1
| #define HAVE_UNISTD_H 1
| #define HAVE_DLFCN_H 1
| #define LT_OBJDIR ".libs/"
| #define HAVE_LIBRESOLV 1
| #define HAVE_LIBRT 1
| #define HAVE_LIBNSL 1
| #define STDC_HEADERS 1
| #define HAVE_FCNTL_H 1
| #define HAVE_STDARG_H 1
| #define HAVE_INTTYPES_H 1
| #define HAVE_STDINT_H 1
| #define HAVE_POLL_H 1
| #define HAVE_SIGNAL_H 1
| #define HAVE_UNISTD_H 1
| #define HAVE_SYS_EPOLL_H 1
| #define HAVE_SYS_TIME_H 1
| #define HAVE_SYS_QUEUE_H 1
| #define HAVE_SYS_PARAM_H 1
| #define HAVE_SYS_IOCTL_H 1
| #define HAVE_SYS_SELECT_H 1
| /* end confdefs.h.  */
| #include <port.h>
configure:11499: result: no
configure:11527: checking for port.h
configure:11535: result: no
configure:11423: checking netinet/in6.h usability
configure:11440: gcc -c -g -O2 -Wall  conftest.c >&5
conftest.c:72:25: error: netinet/in6.h: No such file or directory
configure:11446: $? = 1
configure: failed program was:
| /* confdefs.h.  */
| #define PACKAGE_NAME ""
| #define PACKAGE_TARNAME ""
| #define PACKAGE_VERSION ""
| #define PACKAGE_STRING ""
| #define PACKAGE_BUGREPORT ""
| #define PACKAGE "libevent"
| #define VERSION "1.4.9-stable"
| #define STDC_HEADERS 1
| #define HAVE_SYS_TYPES_H 1
| #define HAVE_SYS_STAT_H 1
| #define HAVE_STDLIB_H 1
| #define HAVE_STRING_H 1
| #define HAVE_MEMORY_H 1
| #define HAVE_STRINGS_H 1
| #define HAVE_INTTYPES_H 1
| #define HAVE_STDINT_H 1
| #define HAVE_UNISTD_H 1
| #define HAVE_DLFCN_H 1
| #define LT_OBJDIR ".libs/"
| #define HAVE_LIBRESOLV 1
| #define HAVE_LIBRT 1
| #define HAVE_LIBNSL 1
| #define STDC_HEADERS 1
| #define HAVE_FCNTL_H 1
| #define HAVE_STDARG_H 1
| #define HAVE_INTTYPES_H 1
| #define HAVE_STDINT_H 1
| #define HAVE_POLL_H 1
| #define HAVE_SIGNAL_H 1
| #define HAVE_UNISTD_H 1
| #define HAVE_SYS_EPOLL_H 1
| #define HAVE_SYS_TIME_H 1
| #define HAVE_SYS_QUEUE_H 1
| #define HAVE_SYS_PARAM_H 1
| #define HAVE_SYS_IOCTL_H 1
| #define HAVE_SYS_SELECT_H 1
| /* end confdefs.h.  */
| #include <stdio.h>
| #ifdef HAVE_SYS_TYPES_H
| # include <sys/types.h>
| #endif
| #ifdef HAVE_SYS_STAT_H
| # include <sys/stat.h>
| #endif
| #ifdef STDC_HEADERS
| # include <stdlib.h>
| # include <stddef.h>
| #else
| # ifdef HAVE_STDLIB_H
| #  include <stdlib.h>
| # endif
| #endif
| #ifdef HAVE_STRING_H
| # if !defined STDC_HEADERS && defined HAVE_MEMORY_H
| #  include <memory.h>
| # endif
| # include <string.h>
| #endif
| #ifdef HAVE_STRINGS_H
| # include <strings.h>
| #endif
| #ifdef HAVE_INTTYPES_H
| # include <inttypes.h>
| #endif
| #ifdef HAVE_STDINT_H
| # include <stdint.h>
| #endif
| #ifdef HAVE_UNISTD_H
| # include <unistd.h>
| #endif
| #include <netinet/in6.h>
configure:11460: result: no
configure:11464: checking netinet/in6.h presence
configure:11479: gcc -E  conftest.c
conftest.c:39:25: error: netinet/in6.h: No such file or directory
configure:11485: $? = 1
configure: failed program was:
| /* confdefs.h.  */
| #define PACKAGE_NAME ""
| #define PACKAGE_TARNAME ""
| #define PACKAGE_VERSION ""
| #define PACKAGE_STRING ""
| #define PACKAGE_BUGREPORT ""
| #define PACKAGE "libevent"
| #define VERSION "1.4.9-stable"
| #define STDC_HEADERS 1
| #define HAVE_SYS_TYPES_H 1
| #define HAVE_SYS_STAT_H 1
| #define HAVE_STDLIB_H 1
| #define HAVE_STRING_H 1
| #define HAVE_MEMORY_H 1
| #define HAVE_STRINGS_H 1
| #define HAVE_INTTYPES_H 1
| #define HAVE_STDINT_H 1
| #define HAVE_UNISTD_H 1
| #define HAVE_DLFCN_H 1
| #define LT_OBJDIR ".libs/"
| #define HAVE_LIBRESOLV 1
| #define HAVE_LIBRT 1
| #define HAVE_LIBNSL 1
| #define STDC_HEADERS 1
| #define HAVE_FCNTL_H 1
| #define HAVE_STDARG_H 1
| #define HAVE_INTTYPES_H 1
| #define HAVE_STDINT_H 1
| #define HAVE_POLL_H 1
| #define HAVE_SIGNAL_H 1
| #define HAVE_UNISTD_H 1
| #define HAVE_SYS_EPOLL_H 1
| #define HAVE_SYS_TIME_H 1
| #define HAVE_SYS_QUEUE_H 1
| #define HAVE_SYS_PARAM_H 1
| #define HAVE_SYS_IOCTL_H 1
| #define HAVE_SYS_SELECT_H 1
| /* end confdefs.h.  */
| #include <netinet/in6.h>
configure:11499: result: no
configure:11527: checking for netinet/in6.h
configure:11535: result: no
configure:11423: checking sys/socket.h usability
configure:11440: gcc -c -g -O2 -Wall  conftest.c >&5
configure:11446: $? = 0
configure:11460: result: yes
configure:11464: checking sys/socket.h presence
configure:11479: gcc -E  conftest.c
configure:11485: $? = 0
configure:11499: result: yes
configure:11527: checking for sys/socket.h
configure:11535: result: yes
configure:11549: checking for TAILQ_FOREACH in sys/queue.h
configure:11566: result: yes
configure:11583: checking for timeradd in sys/time.h
configure:11605: result: yes
configure:11617: checking for timercmp in sys/time.h
configure:11639: result: yes
configure:11651: checking for timerclear in sys/time.h
configure:11673: result: yes
configure:11685: checking for timerisset in sys/time.h
configure:11707: result: yes
configure:11718: checking for WIN32
configure:11745: gcc -c -g -O2 -Wall  conftest.c >&5
conftest.c: In function 'main':
conftest.c:51: error: 'die' undeclared (first use in this function)
conftest.c:51: error: (Each undeclared identifier is reported only once
conftest.c:51: error: for each function it appears in.)
conftest.c:51: error: expected ';' before 'horribly'
configure:11751: $? = 1
configure: failed program was:
| /* confdefs.h.  */
| #define PACKAGE_NAME ""
| #define PACKAGE_TARNAME ""
| #define PACKAGE_VERSION ""
| #define PACKAGE_STRING ""
| #define PACKAGE_BUGREPORT ""
| #define PACKAGE "libevent"
| #define VERSION "1.4.9-stable"
| #define STDC_HEADERS 1
| #define HAVE_SYS_TYPES_H 1
| #define HAVE_SYS_STAT_H 1
| #define HAVE_STDLIB_H 1
| #define HAVE_STRING_H 1
| #define HAVE_MEMORY_H 1
| #define HAVE_STRINGS_H 1
| #define HAVE_INTTYPES_H 1
| #define HAVE_STDINT_H 1
| #define HAVE_UNISTD_H 1
| #define HAVE_DLFCN_H 1
| #define LT_OBJDIR ".libs/"
| #define HAVE_LIBRESOLV 1
| #define HAVE_LIBRT 1
| #define HAVE_LIBNSL 1
| #define STDC_HEADERS 1
| #define HAVE_FCNTL_H 1
| #define HAVE_STDARG_H 1
| #define HAVE_INTTYPES_H 1
| #define HAVE_STDINT_H 1
| #define HAVE_POLL_H 1
| #define HAVE_SIGNAL_H 1
| #define HAVE_UNISTD_H 1
| #define HAVE_SYS_EPOLL_H 1
| #define HAVE_SYS_TIME_H 1
| #define HAVE_SYS_QUEUE_H 1
| #define HAVE_SYS_PARAM_H 1
| #define HAVE_SYS_IOCTL_H 1
| #define HAVE_SYS_SELECT_H 1
| #define HAVE_SYS_SOCKET_H 1
| #define HAVE_TAILQFOREACH 1
| #define HAVE_TIMERADD 1
| #define HAVE_TIMERCMP 1
| #define HAVE_TIMERCLEAR 1
| #define HAVE_TIMERISSET 1
| /* end confdefs.h.  */
| 
| int
| main ()
| {
| 
| #ifndef WIN32
| die horribly
| #endif
| 
|   ;
|   return 0;
| }
configure:11762: result: no
configure:11777: checking for an ANSI C-conforming const
configure:11852: gcc -c -g -O2 -Wall  conftest.c >&5
conftest.c: In function 'main':
conftest.c:74: warning: 't' is used uninitialized in this function
conftest.c:90: warning: 'b' may be used uninitialized in this function
conftest.c:96: warning: 'cs[0]' is used uninitialized in this function
configure:11858: $? = 0
configure:11873: result: yes
configure:11883: checking for inline
configure:11909: gcc -c -g -O2 -Wall  conftest.c >&5
configure:11915: $? = 0
configure:11933: result: inline
configure:11952: checking whether time.h and sys/time.h may both be included
configure:11982: gcc -c -g -O2 -Wall  conftest.c >&5
configure:11988: $? = 0
configure:12003: result: yes
configure:12030: checking for gettimeofday
configure:12086: gcc -o conftest -g -O2 -Wall   conftest.c -lnsl -lrt -lresolv  >&5
configure:12092: $? = 0
configure:12110: result: yes
configure:12030: checking for vasprintf
configure:12086: gcc -o conftest -g -O2 -Wall   conftest.c -lnsl -lrt -lresolv  >&5
configure:12092: $? = 0
configure:12110: result: yes
configure:12030: checking for fcntl
configure:12086: gcc -o conftest -g -O2 -Wall   conftest.c -lnsl -lrt -lresolv  >&5
configure:12092: $? = 0
configure:12110: result: yes
configure:12030: checking for clock_gettime
configure:12086: gcc -o conftest -g -O2 -Wall   conftest.c -lnsl -lrt -lresolv  >&5
configure:12092: $? = 0
configure:12110: result: yes
configure:12030: checking for strtok_r
configure:12086: gcc -o conftest -g -O2 -Wall   conftest.c -lnsl -lrt -lresolv  >&5
configure:12092: $? = 0
configure:12110: result: yes
configure:12030: checking for strsep
configure:12086: gcc -o conftest -g -O2 -Wall   conftest.c -lnsl -lrt -lresolv  >&5
configure:12092: $? = 0
configure:12110: result: yes
configure:12030: checking for getaddrinfo
configure:12086: gcc -o conftest -g -O2 -Wall   conftest.c -lnsl -lrt -lresolv  >&5
configure:12092: $? = 0
configure:12110: result: yes
configure:12030: checking for getnameinfo
configure:12086: gcc -o conftest -g -O2 -Wall   conftest.c -lnsl -lrt -lresolv  >&5
configure:12092: $? = 0
configure:12110: result: yes
configure:12030: checking for strlcpy
configure:12086: gcc -o conftest -g -O2 -Wall   conftest.c -lnsl -lrt -lresolv  >&5
/tmp/ccoVDmDU.o: In function `main':
/opt/repcached/libevent-1.4.9-stable/conftest.c:88: undefined reference to `strlcpy'
collect2: ld returned 1 exit status
configure:12092: $? = 1
configure: failed program was:
| /* confdefs.h.  */
| #define PACKAGE_NAME ""
| #define PACKAGE_TARNAME ""
| #define PACKAGE_VERSION ""
| #define PACKAGE_STRING ""
| #define PACKAGE_BUGREPORT ""
| #define PACKAGE "libevent"
| #define VERSION "1.4.9-stable"
| #define STDC_HEADERS 1
| #define HAVE_SYS_TYPES_H 1
| #define HAVE_SYS_STAT_H 1
| #define HAVE_STDLIB_H 1
| #define HAVE_STRING_H 1
| #define HAVE_MEMORY_H 1
| #define HAVE_STRINGS_H 1
| #define HAVE_INTTYPES_H 1
| #define HAVE_STDINT_H 1
| #define HAVE_UNISTD_H 1
| #define HAVE_DLFCN_H 1
| #define LT_OBJDIR ".libs/"
| #define HAVE_LIBRESOLV 1
| #define HAVE_LIBRT 1
| #define HAVE_LIBNSL 1
| #define STDC_HEADERS 1
| #define HAVE_FCNTL_H 1
| #define HAVE_STDARG_H 1
| #define HAVE_INTTYPES_H 1
| #define HAVE_STDINT_H 1
| #define HAVE_POLL_H 1
| #define HAVE_SIGNAL_H 1
| #define HAVE_UNISTD_H 1
| #define HAVE_SYS_EPOLL_H 1
| #define HAVE_SYS_TIME_H 1
| #define HAVE_SYS_QUEUE_H 1
| #define HAVE_SYS_PARAM_H 1
| #define HAVE_SYS_IOCTL_H 1
| #define HAVE_SYS_SELECT_H 1
| #define HAVE_SYS_SOCKET_H 1
| #define HAVE_TAILQFOREACH 1
| #define HAVE_TIMERADD 1
| #define HAVE_TIMERCMP 1
| #define HAVE_TIMERCLEAR 1
| #define HAVE_TIMERISSET 1
| #define TIME_WITH_SYS_TIME 1
| #define HAVE_GETTIMEOFDAY 1
| #define HAVE_VASPRINTF 1
| #define HAVE_FCNTL 1
| #define HAVE_CLOCK_GETTIME 1
| #define HAVE_STRTOK_R 1
| #define HAVE_STRSEP 1
| #define HAVE_GETADDRINFO 1
| #define HAVE_GETNAMEINFO 1
| /* end confdefs.h.  */
| /* Define strlcpy to an innocuous variant, in case <limits.h> declares strlcpy.
|    For example, HP-UX 11i <limits.h> declares gettimeofday.  */
| #define strlcpy innocuous_strlcpy
| 
| /* System header to define __stub macros and hopefully few prototypes,
|     which can conflict with char strlcpy (); below.
|     Prefer <limits.h> to <assert.h> if __STDC__ is defined, since
|     <limits.h> exists even on freestanding compilers.  */
| 
| #ifdef __STDC__
| # include <limits.h>
| #else
| # include <assert.h>
| #endif
| 
| #undef strlcpy
| 
| /* Override any GCC internal prototype to avoid an error.
|    Use char because int might match the return type of a GCC
|    builtin and then its argument prototype would still apply.  */
| #ifdef __cplusplus
| extern "C"
| #endif
| char strlcpy ();
| /* The GNU C library defines this for functions which it implements
|     to always fail with ENOSYS.  Some functions are actually named
|     something starting with __ and the normal name is an alias.  */
| #if defined __stub_strlcpy || defined __stub___strlcpy
| choke me
| #endif
| 
| int
| main ()
| {
| return strlcpy ();
|   ;
|   return 0;
| }
configure:12110: result: no
configure:12030: checking for inet_ntop
configure:12086: gcc -o conftest -g -O2 -Wall   conftest.c -lnsl -lrt -lresolv  >&5
configure:12092: $? = 0
configure:12110: result: yes
configure:12030: checking for signal
configure:12086: gcc -o conftest -g -O2 -Wall   conftest.c -lnsl -lrt -lresolv  >&5
configure:12092: $? = 0
configure:12110: result: yes
configure:12030: checking for sigaction
configure:12086: gcc -o conftest -g -O2 -Wall   conftest.c -lnsl -lrt -lresolv  >&5
configure:12092: $? = 0
configure:12110: result: yes
configure:12030: checking for strtoll
configure:12086: gcc -o conftest -g -O2 -Wall   conftest.c -lnsl -lrt -lresolv  >&5
configure:12092: $? = 0
configure:12110: result: yes
configure:12121: checking for long
configure:12151: gcc -c -g -O2 -Wall  conftest.c >&5
configure:12157: $? = 0
configure:12172: result: yes
configure:12179: checking size of long
configure:12481: gcc -o conftest -g -O2 -Wall   conftest.c -lnsl -lrt -lresolv  >&5
configure:12484: $? = 0
configure:12490: ./conftest
configure:12493: $? = 0
configure:12516: result: 8
configure:12541: checking for F_SETFD in fcntl.h
configure:12564: result: yes
configure:12579: checking for select
configure:12635: gcc -o conftest -g -O2 -Wall   conftest.c -lnsl -lrt -lresolv  >&5
configure:12641: $? = 0
configure:12659: result: yes
configure:12684: checking for poll
configure:12740: gcc -o conftest -g -O2 -Wall   conftest.c -lnsl -lrt -lresolv  >&5
configure:12746: $? = 0
configure:12764: result: yes
configure:12789: checking for epoll_ctl
configure:12845: gcc -o conftest -g -O2 -Wall   conftest.c -lnsl -lrt -lresolv  >&5
configure:12851: $? = 0
configure:12869: result: yes
configure:13211: checking for port_create
configure:13267: gcc -o conftest -g -O2 -Wall   conftest.c -lnsl -lrt -lresolv  >&5
/tmp/ccI9NqFP.o: In function `main':
/opt/repcached/libevent-1.4.9-stable/conftest.c:99: undefined reference to `port_create'
collect2: ld returned 1 exit status
configure:13273: $? = 1
configure: failed program was:
| /* confdefs.h.  */
| #define PACKAGE_NAME ""
| #define PACKAGE_TARNAME ""
| #define PACKAGE_VERSION ""
| #define PACKAGE_STRING ""
| #define PACKAGE_BUGREPORT ""
| #define PACKAGE "libevent"
| #define VERSION "1.4.9-stable"
| #define STDC_HEADERS 1
| #define HAVE_SYS_TYPES_H 1
| #define HAVE_SYS_STAT_H 1
| #define HAVE_STDLIB_H 1
| #define HAVE_STRING_H 1
| #define HAVE_MEMORY_H 1
| #define HAVE_STRINGS_H 1
| #define HAVE_INTTYPES_H 1
| #define HAVE_STDINT_H 1
| #define HAVE_UNISTD_H 1
| #define HAVE_DLFCN_H 1
| #define LT_OBJDIR ".libs/"
| #define HAVE_LIBRESOLV 1
| #define HAVE_LIBRT 1
| #define HAVE_LIBNSL 1
| #define STDC_HEADERS 1
| #define HAVE_FCNTL_H 1
| #define HAVE_STDARG_H 1
| #define HAVE_INTTYPES_H 1
| #define HAVE_STDINT_H 1
| #define HAVE_POLL_H 1
| #define HAVE_SIGNAL_H 1
| #define HAVE_UNISTD_H 1
| #define HAVE_SYS_EPOLL_H 1
| #define HAVE_SYS_TIME_H 1
| #define HAVE_SYS_QUEUE_H 1
| #define HAVE_SYS_PARAM_H 1
| #define HAVE_SYS_IOCTL_H 1
| #define HAVE_SYS_SELECT_H 1
| #define HAVE_SYS_SOCKET_H 1
| #define HAVE_TAILQFOREACH 1
| #define HAVE_TIMERADD 1
| #define HAVE_TIMERCMP 1
| #define HAVE_TIMERCLEAR 1
| #define HAVE_TIMERISSET 1
| #define TIME_WITH_SYS_TIME 1
| #define HAVE_GETTIMEOFDAY 1
| #define HAVE_VASPRINTF 1
| #define HAVE_FCNTL 1
| #define HAVE_CLOCK_GETTIME 1
| #define HAVE_STRTOK_R 1
| #define HAVE_STRSEP 1
| #define HAVE_GETADDRINFO 1
| #define HAVE_GETNAMEINFO 1
| #define HAVE_INET_NTOP 1
| #define HAVE_SIGNAL 1
| #define HAVE_SIGACTION 1
| #define HAVE_STRTOLL 1
| #define SIZEOF_LONG 8
| #define DNS_USE_CPU_CLOCK_FOR_ID 1
| #define HAVE_SETFD 1
| #define HAVE_SELECT 1
| #define HAVE_POLL 1
| #define HAVE_EPOLL_CTL 1
| #define HAVE_EPOLL 1
| /* end confdefs.h.  */
| /* Define port_create to an innocuous variant, in case <limits.h> declares port_create.
|    For example, HP-UX 11i <limits.h> declares gettimeofday.  */
| #define port_create innocuous_port_create
| 
| /* System header to define __stub macros and hopefully few prototypes,
|     which can conflict with char port_create (); below.
|     Prefer <limits.h> to <assert.h> if __STDC__ is defined, since
|     <limits.h> exists even on freestanding compilers.  */
| 
| #ifdef __STDC__
| # include <limits.h>
| #else
| # include <assert.h>
| #endif
| 
| #undef port_create
| 
| /* Override any GCC internal prototype to avoid an error.
|    Use char because int might match the return type of a GCC
|    builtin and then its argument prototype would still apply.  */
| #ifdef __cplusplus
| extern "C"
| #endif
| char port_create ();
| /* The GNU C library defines this for functions which it implements
|     to always fail with ENOSYS.  Some functions are actually named
|     something starting with __ and the normal name is an alias.  */
| #if defined __stub_port_create || defined __stub___port_create
| choke me
| #endif
| 
| int
| main ()
| {
| return port_create ();
|   ;
|   return 0;
| }
configure:13291: result: no
configure:13330: checking for pid_t
configure:13360: gcc -c -g -O2 -Wall  conftest.c >&5
configure:13366: $? = 0
configure:13381: result: yes
configure:13393: checking for size_t
configure:13423: gcc -c -g -O2 -Wall  conftest.c >&5
configure:13429: $? = 0
configure:13444: result: yes
configure:13456: checking for uint64_t
configure:13494: gcc -c -g -O2 -Wall  conftest.c >&5
configure:13500: $? = 0
configure:13515: result: yes
configure:13525: checking for uint32_t
configure:13563: gcc -c -g -O2 -Wall  conftest.c >&5
configure:13569: $? = 0
configure:13584: result: yes
configure:13594: checking for uint16_t
configure:13632: gcc -c -g -O2 -Wall  conftest.c >&5
configure:13638: $? = 0
configure:13653: result: yes
configure:13663: checking for uint8_t
configure:13701: gcc -c -g -O2 -Wall  conftest.c >&5
configure:13707: $? = 0
configure:13722: result: yes
configure:13733: checking for long long
configure:13763: gcc -c -g -O2 -Wall  conftest.c >&5
configure:13769: $? = 0
configure:13784: result: yes
configure:13791: checking size of long long
configure:14093: gcc -o conftest -g -O2 -Wall   conftest.c -lnsl -lrt -lresolv  >&5
configure:14096: $? = 0
configure:14102: ./conftest
configure:14105: $? = 0
configure:14128: result: 8
configure:14138: checking for long
configure:14189: result: yes
configure:14196: checking size of long
configure:14533: result: 8
configure:14543: checking for int
configure:14573: gcc -c -g -O2 -Wall  conftest.c >&5
configure:14579: $? = 0
configure:14594: result: yes
configure:14601: checking size of int
configure:14903: gcc -o conftest -g -O2 -Wall   conftest.c -lnsl -lrt -lresolv  >&5
configure:14906: $? = 0
configure:14912: ./conftest
configure:14915: $? = 0
configure:14938: result: 4
configure:14948: checking for short
configure:14978: gcc -c -g -O2 -Wall  conftest.c >&5
configure:14984: $? = 0
configure:14999: result: yes
configure:15006: checking size of short
configure:15308: gcc -o conftest -g -O2 -Wall   conftest.c -lnsl -lrt -lresolv  >&5
configure:15311: $? = 0
configure:15317: ./conftest
configure:15320: $? = 0
configure:15343: result: 2
configure:15353: checking for struct in6_addr
configure:15393: gcc -c -g -O2 -Wall  conftest.c >&5
configure:15399: $? = 0
configure:15414: result: yes
configure:15426: checking for socklen_t
configure:15451: gcc -c -g -O2 -Wall  conftest.c >&5
conftest.c: In function 'main':
conftest.c:80: warning: unused variable 'x'
configure:15457: $? = 0
configure:15462: result: yes
configure:15480: checking whether our compiler supports __func__
configure:15503: gcc -c -g -O2 -Wall  conftest.c >&5
conftest.c: In function 'main':
conftest.c:78: warning: unused variable 'cp'
configure:15509: $? = 0
configure:15514: result: yes
configure:15818: creating ./config.status

## ---------------------- ##
## Running config.status. ##
## ---------------------- ##

This file was extended by config.status, which was
generated by GNU Autoconf 2.61.  Invocation command line was

  CONFIG_FILES    = 
  CONFIG_HEADERS  = 
  CONFIG_LINKS    = 
  CONFIG_COMMANDS = 
  $ ./config.status 

on mkey

config.status:851: creating Makefile
config.status:851: creating test/Makefile
config.status:851: creating sample/Makefile
config.status:851: creating config.h
config.status:1139: config.h is unchanged
config.status:1186: executing depfiles commands
config.status:1186: executing libtool commands

## ---------------- ##
## Cache variables. ##
## ---------------- ##

ac_cv_build=x86_64-unknown-linux-gnu
ac_cv_c_compiler_gnu=yes
ac_cv_c_const=yes
ac_cv_c_inline=inline
ac_cv_env_CC_set=
ac_cv_env_CC_value=
ac_cv_env_CFLAGS_set=
ac_cv_env_CFLAGS_value=
ac_cv_env_CPPFLAGS_set=
ac_cv_env_CPPFLAGS_value=
ac_cv_env_CPP_set=
ac_cv_env_CPP_value=
ac_cv_env_LDFLAGS_set=
ac_cv_env_LDFLAGS_value=
ac_cv_env_LIBS_set=
ac_cv_env_LIBS_value=
ac_cv_env_build_alias_set=
ac_cv_env_build_alias_value=
ac_cv_env_host_alias_set=
ac_cv_env_host_alias_value=
ac_cv_env_target_alias_set=
ac_cv_env_target_alias_value=
ac_cv_func_clock_gettime=yes
ac_cv_func_epoll_ctl=yes
ac_cv_func_fcntl=yes
ac_cv_func_getaddrinfo=yes
ac_cv_func_getnameinfo=yes
ac_cv_func_gettimeofday=yes
ac_cv_func_inet_ntop=yes
ac_cv_func_poll=yes
ac_cv_func_port_create=no
ac_cv_func_select=yes
ac_cv_func_sigaction=yes
ac_cv_func_signal=yes
ac_cv_func_strlcpy=no
ac_cv_func_strsep=yes
ac_cv_func_strtok_r=yes
ac_cv_func_strtoll=yes
ac_cv_func_vasprintf=yes
ac_cv_header_dlfcn_h=yes
ac_cv_header_fcntl_h=yes
ac_cv_header_inttypes_h=yes
ac_cv_header_memory_h=yes
ac_cv_header_netinet_in6_h=no
ac_cv_header_poll_h=yes
ac_cv_header_port_h=no
ac_cv_header_signal_h=yes
ac_cv_header_stdarg_h=yes
ac_cv_header_stdc=yes
ac_cv_header_stdint_h=yes
ac_cv_header_stdlib_h=yes
ac_cv_header_string_h=yes
ac_cv_header_strings_h=yes
ac_cv_header_sys_devpoll_h=no
ac_cv_header_sys_epoll_h=yes
ac_cv_header_sys_event_h=no
ac_cv_header_sys_ioctl_h=yes
ac_cv_header_sys_param_h=yes
ac_cv_header_sys_queue_h=yes
ac_cv_header_sys_select_h=yes
ac_cv_header_sys_socket_h=yes
ac_cv_header_sys_stat_h=yes
ac_cv_header_sys_time_h=yes
ac_cv_header_sys_types_h=yes
ac_cv_header_time=yes
ac_cv_header_unistd_h=yes
ac_cv_host=x86_64-unknown-linux-gnu
ac_cv_lib_nsl_inet_ntoa=yes
ac_cv_lib_resolv_inet_aton=yes
ac_cv_lib_rt_clock_gettime=yes
ac_cv_lib_socket_socket=no
ac_cv_objext=o
ac_cv_path_EGREP='/usr/bin/grep -E'
ac_cv_path_FGREP='/usr/bin/grep -F'
ac_cv_path_GREP=/usr/bin/grep
ac_cv_path_SED=/usr/bin/sed
ac_cv_path_install='/usr/bin/install -c'
ac_cv_path_mkdir=/bin/mkdir
ac_cv_prog_AWK=gawk
ac_cv_prog_CPP='gcc -E'
ac_cv_prog_ac_ct_AR=ar
ac_cv_prog_ac_ct_CC=gcc
ac_cv_prog_ac_ct_RANLIB=ranlib
ac_cv_prog_ac_ct_STRIP=strip
ac_cv_prog_cc_c89=
ac_cv_prog_cc_g=yes
ac_cv_prog_gcc_traditional=no
ac_cv_prog_make_make_set=yes
ac_cv_sizeof_int=4
ac_cv_sizeof_long=8
ac_cv_sizeof_long_long=8
ac_cv_sizeof_short=2
ac_cv_type_int=yes
ac_cv_type_long=yes
ac_cv_type_long_long=yes
ac_cv_type_pid_t=yes
ac_cv_type_short=yes
ac_cv_type_size_t=yes
ac_cv_type_struct_in6_addr=yes
ac_cv_type_uint16_t=yes
ac_cv_type_uint32_t=yes
ac_cv_type_uint64_t=yes
ac_cv_type_uint8_t=yes
am_cv_CC_dependencies_compiler_type=none
lt_cv_deplibs_check_method=pass_all
lt_cv_file_magic_cmd='$MAGIC_CMD'
lt_cv_file_magic_test_file=
lt_cv_ld_reload_flag=-r
lt_cv_nm_interface='BSD nm'
lt_cv_objdir=.libs
lt_cv_path_LD=/usr/x86_64-suse-linux/bin/ld
lt_cv_path_NM='/usr/bin/nm -B'
lt_cv_prog_compiler_c_o=yes
lt_cv_prog_compiler_pic_works=yes
lt_cv_prog_compiler_rtti_exceptions=no
lt_cv_prog_compiler_static_works=yes
lt_cv_prog_gnu_ld=yes
lt_cv_sys_global_symbol_pipe='sed -n -e '\''s/^.*[	 ]\([ABCDGIRSTW][ABCDGIRSTW]*\)[	 ][	 ]*\([_A-Za-z][_A-Za-z0-9]*\)$/\1 \2 \2/p'\'''
lt_cv_sys_global_symbol_to_c_name_address='sed -n -e '\''s/^: \([^ ]*\) $/  {\"\1\", (void *) 0},/p'\'' -e '\''s/^[ABCDGIRSTW]* \([^ ]*\) \([^ ]*\)$/  {"\2", (void *) \&\2},/p'\'''
lt_cv_sys_global_symbol_to_c_name_address_lib_prefix='sed -n -e '\''s/^: \([^ ]*\) $/  {\"\1\", (void *) 0},/p'\'' -e '\''s/^[ABCDGIRSTW]* \([^ ]*\) \(lib[^ ]*\)$/  {"\2", (void *) \&\2},/p'\'' -e '\''s/^[ABCDGIRSTW]* \([^ ]*\) \([^ ]*\)$/  {"lib\2", (void *) \&\2},/p'\'''
lt_cv_sys_global_symbol_to_cdecl='sed -n -e '\''s/^T .* \(.*\)$/extern int \1();/p'\'' -e '\''s/^[ABCDGIRSTW]* .* \(.*\)$/extern char \1;/p'\'''
lt_cv_sys_max_cmd_len=1572864

## ----------------- ##
## Output variables. ##
## ----------------- ##

ACLOCAL='${SHELL} /opt/repcached/libevent-1.4.9-stable/missing --run aclocal-1.10'
AMDEPBACKSLASH='\'
AMDEP_FALSE='#'
AMDEP_TRUE=''
AMTAR='${SHELL} /opt/repcached/libevent-1.4.9-stable/missing --run tar'
AR='ar'
AUTOCONF='${SHELL} /opt/repcached/libevent-1.4.9-stable/missing --run autoconf'
AUTOHEADER='${SHELL} /opt/repcached/libevent-1.4.9-stable/missing --run autoheader'
AUTOMAKE='${SHELL} /opt/repcached/libevent-1.4.9-stable/missing --run automake-1.10'
AWK='gawk'
BUILD_WIN32_FALSE=''
BUILD_WIN32_TRUE='#'
CC='gcc'
CCDEPMODE='depmode=none'
CFLAGS='-g -O2 -Wall'
CPP='gcc -E'
CPPFLAGS=''
CYGPATH_W='echo'
DEFS='-DHAVE_CONFIG_H'
DEPDIR='.deps'
DSYMUTIL=''
DUMPBIN=''
ECHO_C=''
ECHO_N='-n'
ECHO_T=''
EGREP='/usr/bin/grep -E'
EXEEXT=''
FGREP='/usr/bin/grep -F'
GREP='/usr/bin/grep'
INSTALL_DATA='${INSTALL} -m 644'
INSTALL_PROGRAM='${INSTALL}'
INSTALL_SCRIPT='${INSTALL}'
INSTALL_STRIP_PROGRAM='$(install_sh) -c -s'
LD='/usr/x86_64-suse-linux/bin/ld -m elf_x86_64'
LDFLAGS=''
LIBOBJS=' ${LIBOBJDIR}select$U.o ${LIBOBJDIR}poll$U.o ${LIBOBJDIR}epoll$U.o ${LIBOBJDIR}signal$U.o'
LIBS='-lnsl -lrt -lresolv '
LIBTOOL='$(SHELL) $(top_builddir)/libtool'
LIBTOOL_DEPS='./ltmain.sh'
LIPO=''
LN_S='ln -s'
LTLIBOBJS=' ${LIBOBJDIR}select$U.lo ${LIBOBJDIR}poll$U.lo ${LIBOBJDIR}epoll$U.lo ${LIBOBJDIR}signal$U.lo'
MAKEINFO='${SHELL} /opt/repcached/libevent-1.4.9-stable/missing --run makeinfo'
NM='/usr/bin/nm -B'
NMEDIT=''
OBJEXT='o'
OTOOL64=''
OTOOL=''
PACKAGE='libevent'
PACKAGE_BUGREPORT=''
PACKAGE_NAME=''
PACKAGE_STRING=''
PACKAGE_TARNAME=''
PACKAGE_VERSION=''
PATH_SEPARATOR=':'
RANLIB='ranlib'
SED='/usr/bin/sed'
SET_MAKE=''
SHELL='/bin/sh'
STRIP='strip'
VERSION='1.4.9-stable'
ac_ct_CC='gcc'
ac_ct_DUMPBIN=''
am__fastdepCC_FALSE=''
am__fastdepCC_TRUE='#'
am__include='include'
am__isrc=''
am__leading_dot='.'
am__quote=''
am__tar='${AMTAR} chof - "$$tardir"'
am__untar='${AMTAR} xf -'
bindir='${exec_prefix}/bin'
build='x86_64-unknown-linux-gnu'
build_alias=''
build_cpu='x86_64'
build_os='linux-gnu'
build_vendor='unknown'
datadir='${datarootdir}'
datarootdir='${prefix}/share'
docdir='${datarootdir}/doc/${PACKAGE}'
dvidir='${docdir}'
exec_prefix='${prefix}'
host='x86_64-unknown-linux-gnu'
host_alias=''
host_cpu='x86_64'
host_os='linux-gnu'
host_vendor='unknown'
htmldir='${docdir}'
includedir='${prefix}/include'
infodir='${datarootdir}/info'
install_sh='$(SHELL) /opt/repcached/libevent-1.4.9-stable/install-sh'
libdir='${exec_prefix}/lib'
libexecdir='${exec_prefix}/libexec'
localedir='${datarootdir}/locale'
localstatedir='${prefix}/var'
lt_ECHO='echo'
mandir='${datarootdir}/man'
mkdir_p='/bin/mkdir -p'
oldincludedir='/usr/include'
pdfdir='${docdir}'
prefix='/usr'
program_transform_name='s,x,x,'
psdir='${docdir}'
sbindir='${exec_prefix}/sbin'
sharedstatedir='${prefix}/com'
sysconfdir='${prefix}/etc'
target_alias=''

## ----------- ##
## confdefs.h. ##
## ----------- ##

#define PACKAGE_NAME ""
#define PACKAGE_TARNAME ""
#define PACKAGE_VERSION ""
#define PACKAGE_STRING ""
#define PACKAGE_BUGREPORT ""
#define PACKAGE "libevent"
#define VERSION "1.4.9-stable"
#define STDC_HEADERS 1
#define HAVE_SYS_TYPES_H 1
#define HAVE_SYS_STAT_H 1
#define HAVE_STDLIB_H 1
#define HAVE_STRING_H 1
#define HAVE_MEMORY_H 1
#define HAVE_STRINGS_H 1
#define HAVE_INTTYPES_H 1
#define HAVE_STDINT_H 1
#define HAVE_UNISTD_H 1
#define HAVE_DLFCN_H 1
#define LT_OBJDIR ".libs/"
#define HAVE_LIBRESOLV 1
#define HAVE_LIBRT 1
#define HAVE_LIBNSL 1
#define STDC_HEADERS 1
#define HAVE_FCNTL_H 1
#define HAVE_STDARG_H 1
#define HAVE_INTTYPES_H 1
#define HAVE_STDINT_H 1
#define HAVE_POLL_H 1
#define HAVE_SIGNAL_H 1
#define HAVE_UNISTD_H 1
#define HAVE_SYS_EPOLL_H 1
#define HAVE_SYS_TIME_H 1
#define HAVE_SYS_QUEUE_H 1
#define HAVE_SYS_PARAM_H 1
#define HAVE_SYS_IOCTL_H 1
#define HAVE_SYS_SELECT_H 1
#define HAVE_SYS_SOCKET_H 1
#define HAVE_TAILQFOREACH 1
#define HAVE_TIMERADD 1
#define HAVE_TIMERCMP 1
#define HAVE_TIMERCLEAR 1
#define HAVE_TIMERISSET 1
#define TIME_WITH_SYS_TIME 1
#define HAVE_GETTIMEOFDAY 1
#define HAVE_VASPRINTF 1
#define HAVE_FCNTL 1
#define HAVE_CLOCK_GETTIME 1
#define HAVE_STRTOK_R 1
#define HAVE_STRSEP 1
#define HAVE_GETADDRINFO 1
#define HAVE_GETNAMEINFO 1
#define HAVE_INET_NTOP 1
#define HAVE_SIGNAL 1
#define HAVE_SIGACTION 1
#define HAVE_STRTOLL 1
#define SIZEOF_LONG 8
#define DNS_USE_CPU_CLOCK_FOR_ID 1
#define HAVE_SETFD 1
#define HAVE_SELECT 1
#define HAVE_POLL 1
#define HAVE_EPOLL_CTL 1
#define HAVE_EPOLL 1
#define HAVE_UINT64_T 1
#define HAVE_UINT32_T 1
#define HAVE_UINT16_T 1
#define HAVE_UINT8_T 1
#define SIZEOF_LONG_LONG 8
#define SIZEOF_LONG 8
#define SIZEOF_INT 4
#define SIZEOF_SHORT 2
#define HAVE_STRUCT_IN6_ADDR 1

configure: exit 0
